Mon Nov 28 13:36:44 WIB 2016 Thread[WrapperSimpleAppMain,5,main] Ignored duplicate property derby.module.replication.master in jar:file:/opt/james-server/lib/derby.jar!/org/apache/derby/modules.properties
Mon Nov 28 13:36:44 WIB 2016 Thread[WrapperSimpleAppMain,5,main] Ignored duplicate property derby.module.resultSetStatisticsFactory in jar:file:/opt/james-server/lib/derby.jar!/org/apache/derby/modules.properties
Mon Nov 28 13:36:44 WIB 2016 Thread[WrapperSimpleAppMain,5,main] Ignored duplicate property derby.module.NoneAuthentication in jar:file:/opt/james-server/lib/derby.jar!/org/apache/derby/modules.properties
Mon Nov 28 13:36:44 WIB 2016 Thread[WrapperSimpleAppMain,5,main] Ignored duplicate property derby.module.lockManagerJ6 in jar:file:/opt/james-server/lib/derby.jar!/org/apache/derby/modules.properties
Mon Nov 28 13:36:44 WIB 2016 Thread[WrapperSimpleAppMain,5,main] Ignored duplicate property derby.module.rawStore.log.readonly in jar:file:/opt/james-server/lib/derby.jar!/org/apache/derby/modules.properties
Mon Nov 28 13:36:44 WIB 2016 Thread[WrapperSimpleAppMain,5,main] Ignored duplicate property derby.module.resourceAdapterJ2 in jar:file:/opt/james-server/lib/derby.jar!/org/apache/derby/modules.properties
Mon Nov 28 13:36:44 WIB 2016 Thread[WrapperSimpleAppMain,5,main] Ignored duplicate property derby.module.validation in jar:file:/opt/james-server/lib/derby.jar!/org/apache/derby/modules.properties
Mon Nov 28 13:36:44 WIB 2016 Thread[WrapperSimpleAppMain,5,main] Ignored duplicate property derby.module.jdbcJ6 in jar:file:/opt/james-server/lib/derby.jar!/org/apache/derby/modules.properties
Mon Nov 28 13:36:44 WIB 2016 Thread[WrapperSimpleAppMain,5,main] Ignored duplicate property derby.module.lcf in jar:file:/opt/james-server/lib/derby.jar!/org/apache/derby/modules.properties
Mon Nov 28 13:36:44 WIB 2016 Thread[WrapperSimpleAppMain,5,main] Ignored duplicate property derby.module.optimizer in jar:file:/opt/james-server/lib/derby.jar!/org/apache/derby/modules.properties
Mon Nov 28 13:36:44 WIB 2016 Thread[WrapperSimpleAppMain,5,main] Ignored duplicate property derby.module.XPLAINFactory in jar:file:/opt/james-server/lib/derby.jar!/org/apache/derby/modules.properties
Mon Nov 28 13:36:44 WIB 2016 Thread[WrapperSimpleAppMain,5,main] Ignored duplicate property derby.module.javaCompiler in jar:file:/opt/james-server/lib/derby.jar!/org/apache/derby/modules.properties
Mon Nov 28 13:36:44 WIB 2016 Thread[WrapperSimpleAppMain,5,main] Ignored duplicate property derby.module.tcf in jar:file:/opt/james-server/lib/derby.jar!/org/apache/derby/modules.properties
Mon Nov 28 13:36:44 WIB 2016 Thread[WrapperSimpleAppMain,5,main] Ignored duplicate property derby.module.dataDictionary in jar:file:/opt/james-server/lib/derby.jar!/org/apache/derby/modules.properties
Mon Nov 28 13:36:44 WIB 2016 Thread[WrapperSimpleAppMain,5,main] Ignored duplicate property derby.env.jdk.cacheManagerJ6 in jar:file:/opt/james-server/lib/derby.jar!/org/apache/derby/modules.properties
Mon Nov 28 13:36:44 WIB 2016 Thread[WrapperSimpleAppMain,5,main] Ignored duplicate property derby.module.ef in jar:file:/opt/james-server/lib/derby.jar!/org/apache/derby/modules.properties
Mon Nov 28 13:36:44 WIB 2016 Thread[WrapperSimpleAppMain,5,main] Ignored duplicate property derby.module.dvfJ2 in jar:file:/opt/james-server/lib/derby.jar!/org/apache/derby/modules.properties
Mon Nov 28 13:36:44 WIB 2016 Thread[WrapperSimpleAppMain,5,main] Ignored duplicate property derby.env.jdk.dvfJ2 in jar:file:/opt/james-server/lib/derby.jar!/org/apache/derby/modules.properties
Mon Nov 28 13:36:44 WIB 2016 Thread[WrapperSimpleAppMain,5,main] Ignored duplicate property derby.module.daemon in jar:file:/opt/james-server/lib/derby.jar!/org/apache/derby/modules.properties
Mon Nov 28 13:36:44 WIB 2016 Thread[WrapperSimpleAppMain,5,main] Ignored duplicate property derby.module.cacheManagerJ6 in jar:file:/opt/james-server/lib/derby.jar!/org/apache/derby/modules.properties
Mon Nov 28 13:36:44 WIB 2016 Thread[WrapperSimpleAppMain,5,main] Ignored duplicate property derby.module.rawStore.data.genericJ4 in jar:file:/opt/james-server/lib/derby.jar!/org/apache/derby/modules.properties
Mon Nov 28 13:36:44 WIB 2016 Thread[WrapperSimpleAppMain,5,main] Ignored duplicate property derby.env.jdk.rawStore.data.genericJ4 in jar:file:/opt/james-server/lib/derby.jar!/org/apache/derby/modules.properties
Mon Nov 28 13:36:44 WIB 2016 Thread[WrapperSimpleAppMain,5,main] Ignored duplicate property derby.module.rawStore.data.genericJ1 in jar:file:/opt/james-server/lib/derby.jar!/org/apache/derby/modules.properties
Mon Nov 28 13:36:44 WIB 2016 Thread[WrapperSimpleAppMain,5,main] Ignored duplicate property derby.module.basicAuthentication in jar:file:/opt/james-server/lib/derby.jar!/org/apache/derby/modules.properties
Mon Nov 28 13:36:44 WIB 2016 Thread[WrapperSimpleAppMain,5,main] Ignored duplicate property derby.env.jdk.rawStore.data.genericJ1 in jar:file:/opt/james-server/lib/derby.jar!/org/apache/derby/modules.properties
Mon Nov 28 13:36:44 WIB 2016 Thread[WrapperSimpleAppMain,5,main] Ignored duplicate property derby.env.classes.JNDIAuthentication in jar:file:/opt/james-server/lib/derby.jar!/org/apache/derby/modules.properties
Mon Nov 28 13:36:44 WIB 2016 Thread[WrapperSimpleAppMain,5,main] Ignored duplicate property derby.module.database in jar:file:/opt/james-server/lib/derby.jar!/org/apache/derby/modules.properties
Mon Nov 28 13:36:44 WIB 2016 Thread[WrapperSimpleAppMain,5,main] Ignored duplicate property derby.module.streams in jar:file:/opt/james-server/lib/derby.jar!/org/apache/derby/modules.properties
Mon Nov 28 13:36:44 WIB 2016 Thread[WrapperSimpleAppMain,5,main] Ignored duplicate property derby.env.classes.dvfJ2 in jar:file:/opt/james-server/lib/derby.jar!/org/apache/derby/modules.properties
Mon Nov 28 13:36:44 WIB 2016 Thread[WrapperSimpleAppMain,5,main] Ignored duplicate property derby.env.jdk.mgmt.jmx in jar:file:/opt/james-server/lib/derby.jar!/org/apache/derby/modules.properties
Mon Nov 28 13:36:44 WIB 2016 Thread[WrapperSimpleAppMain,5,main] Ignored duplicate property derby.module.nativeAuthentication in jar:file:/opt/james-server/lib/derby.jar!/org/apache/derby/modules.properties
Mon Nov 28 13:36:44 WIB 2016 Thread[WrapperSimpleAppMain,5,main] Ignored duplicate property derby.env.jdk.cryptographyJ2 in jar:file:/opt/james-server/lib/derby.jar!/org/apache/derby/modules.properties
Mon Nov 28 13:36:44 WIB 2016 Thread[WrapperSimpleAppMain,5,main] Ignored duplicate property derby.module.access.sort in jar:file:/opt/james-server/lib/derby.jar!/org/apache/derby/modules.properties
Mon Nov 28 13:36:44 WIB 2016 Thread[WrapperSimpleAppMain,5,main] Ignored duplicate property derby.env.classes.cryptographyJ2 in jar:file:/opt/james-server/lib/derby.jar!/org/apache/derby/modules.properties
Mon Nov 28 13:36:44 WIB 2016 Thread[WrapperSimpleAppMain,5,main] Ignored duplicate property derby.env.classes.jdbcJ6 in jar:file:/opt/james-server/lib/derby.jar!/org/apache/derby/modules.properties
Mon Nov 28 13:36:44 WIB 2016 Thread[WrapperSimpleAppMain,5,main] Ignored duplicate property derby.env.classes.rawStore.data.genericJ4 in jar:file:/opt/james-server/lib/derby.jar!/org/apache/derby/modules.properties
Mon Nov 28 13:36:44 WIB 2016 Thread[WrapperSimpleAppMain,5,main] Ignored duplicate property derby.env.jdk.lockManagerJ6 in jar:file:/opt/james-server/lib/derby.jar!/org/apache/derby/modules.properties
Mon Nov 28 13:36:44 WIB 2016 Thread[WrapperSimpleAppMain,5,main] Ignored duplicate property derby.module.cryptographyJ2 in jar:file:/opt/james-server/lib/derby.jar!/org/apache/derby/modules.properties
Mon Nov 28 13:36:44 WIB 2016 Thread[WrapperSimpleAppMain,5,main] Ignored duplicate property derby.env.jdk.jdbcJ6 in jar:file:/opt/james-server/lib/derby.jar!/org/apache/derby/modules.properties
Mon Nov 28 13:36:44 WIB 2016 Thread[WrapperSimpleAppMain,5,main] Ignored duplicate property derby.module.specificAuthentication in jar:file:/opt/james-server/lib/derby.jar!/org/apache/derby/modules.properties
Mon Nov 28 13:36:44 WIB 2016 Thread[WrapperSimpleAppMain,5,main] Ignored duplicate property derby.module.mgmt.jmx in jar:file:/opt/james-server/lib/derby.jar!/org/apache/derby/modules.properties
Mon Nov 28 13:36:44 WIB 2016 Thread[WrapperSimpleAppMain,5,main] Ignored duplicate property derby.module.netServer.autoStart in jar:file:/opt/james-server/lib/derby.jar!/org/apache/derby/modules.properties
Mon Nov 28 13:36:44 WIB 2016 Thread[WrapperSimpleAppMain,5,main] Ignored duplicate property derby.module.access.uniquewithduplicatenullssort in jar:file:/opt/james-server/lib/derby.jar!/org/apache/derby/modules.properties
Mon Nov 28 13:36:44 WIB 2016 Thread[WrapperSimpleAppMain,5,main] Ignored duplicate property derby.module.classManagerJ2 in jar:file:/opt/james-server/lib/derby.jar!/org/apache/derby/modules.properties
Mon Nov 28 13:36:44 WIB 2016 Thread[WrapperSimpleAppMain,5,main] Ignored duplicate property derby.module.JNDIAuthentication in jar:file:/opt/james-server/lib/derby.jar!/org/apache/derby/modules.properties
Mon Nov 28 13:36:44 WIB 2016 Thread[WrapperSimpleAppMain,5,main] Ignored duplicate property derby.module.rawStore.log in jar:file:/opt/james-server/lib/derby.jar!/org/apache/derby/modules.properties
Mon Nov 28 13:36:44 WIB 2016 Thread[WrapperSimpleAppMain,5,main] Ignored duplicate property derby.module.access.heap in jar:file:/opt/james-server/lib/derby.jar!/org/apache/derby/modules.properties
Mon Nov 28 13:36:44 WIB 2016 Thread[WrapperSimpleAppMain,5,main] Ignored duplicate property derby.module.database.slave in jar:file:/opt/james-server/lib/derby.jar!/org/apache/derby/modules.properties
Mon Nov 28 13:36:44 WIB 2016 Thread[WrapperSimpleAppMain,5,main] Ignored duplicate property derby.env.jdk.resourceAdapterJ2 in jar:file:/opt/james-server/lib/derby.jar!/org/apache/derby/modules.properties
Mon Nov 28 13:36:44 WIB 2016 Thread[WrapperSimpleAppMain,5,main] Ignored duplicate property derby.module.mgmt.null in jar:file:/opt/james-server/lib/derby.jar!/org/apache/derby/modules.properties
Mon Nov 28 13:36:44 WIB 2016 Thread[WrapperSimpleAppMain,5,main] Ignored duplicate property derby.env.classes.resourceAdapterJ2 in jar:file:/opt/james-server/lib/derby.jar!/org/apache/derby/modules.properties
Mon Nov 28 13:36:44 WIB 2016 Thread[WrapperSimpleAppMain,5,main] Ignored duplicate property derby.module.access in jar:file:/opt/james-server/lib/derby.jar!/org/apache/derby/modules.properties
Mon Nov 28 13:36:44 WIB 2016 Thread[WrapperSimpleAppMain,5,main] Ignored duplicate property derby.module.replication.slave in jar:file:/opt/james-server/lib/derby.jar!/org/apache/derby/modules.properties
Mon Nov 28 13:36:44 WIB 2016 Thread[WrapperSimpleAppMain,5,main] Ignored duplicate property derby.module.lf in jar:file:/opt/james-server/lib/derby.jar!/org/apache/derby/modules.properties
Mon Nov 28 13:36:44 WIB 2016 Thread[WrapperSimpleAppMain,5,main] Ignored duplicate property derby.module.uuidJ1 in jar:file:/opt/james-server/lib/derby.jar!/org/apache/derby/modules.properties
Mon Nov 28 13:36:44 WIB 2016 Thread[WrapperSimpleAppMain,5,main] Ignored duplicate property derby.module.access.btree in jar:file:/opt/james-server/lib/derby.jar!/org/apache/derby/modules.properties
Mon Nov 28 13:36:44 WIB 2016 Thread[WrapperSimpleAppMain,5,main] Ignored duplicate property derby.module.rawStore in jar:file:/opt/james-server/lib/derby.jar!/org/apache/derby/modules.properties
Mon Nov 28 13:36:45 WIB 2016 : Apache Derby Network Server - 10.11.1.1 - (1616546) started and ready to accept connections on port 11527
----------------------------------------------------------------
Mon Nov 28 13:36:45 WIB 2016:
Booting Derby version The Apache Software Foundation - Apache Derby - 10.9.1.0 - (1344872): instance a816c00e-0158-a9a6-6821-0000077c5220 
on database directory /opt/james-server/var/store/derby  with class loader sun.misc.Launcher$AppClassLoader@764c12b6 
Loaded from file:/opt/james-server/lib/derby-10.9.1.0.jar
java.vendor=Oracle Corporation
java.runtime.version=1.8.0_111-b14
user.dir=/opt/james-server/bin
derby.system.home=null
Database Class Loader started - derby.database.classpath=''
----------------------------------------------------------------
Mon Nov 28 13:38:42 WIB 2016: Shutting down Derby engine
----------------------------------------------------------------
Mon Nov 28 13:38:42 WIB 2016:
Shutting down instance a816c00e-0158-a9a6-6821-0000077c5220 on database directory /opt/james-server/var/store/derby with class loader sun.misc.Launcher$AppClassLoader@764c12b6 
----------------------------------------------------------------
